<?xml version="1.0" encoding="UTF-8"?>
<!-- Generated by org.testng.reporters.JUnitXMLReporter -->
<testsuite ignored="0" hostname="MacBook-Air-5.local" failures="1" tests="2" name="Surefire test" time="0.089" errors="0" timestamp="2024-07-24T14:27:19 WIB">
  <testcase classname="ui.TestEmployeeDetails" name="testCalculateAppriasal" time="0.015"/>
  <testcase classname="ui.TestEmployeeDetails" name="testCalculateYearlySalary" time="0.008">
    <failure type="java.lang.AssertionError" message="8000 expected [96000.0] but found [96001.0]">
      <![CDATA[java.lang.AssertionError: 8000 expected [96000.0] but found [96001.0]
at ui.TestEmployeeDetails.testCalculateYearlySalary(TestEmployeeDetails.java:30)
at java.base/java.util.ArrayList.forEach(ArrayList.java:1597)
... Removed 33 stack frames]]>
    </failure>
  </testcase> <!-- testCalculateYearlySalary -->
</testsuite> <!-- Surefire test -->
